======================================================================
 PSI FULL PIPELINE (v2) 
======================================================================
Using pre-extracted dataset at extracted_dataset.json.
Atom vocabulary (4 types): {'C': 1, 'H': 2, 'N': 3, 'O': 4}
Loaded 16292 complete reaction triplets.

Data split (stratified, seed=42, requested val_split=0.100):
  All        N= 16292 | Ea   42.02+/-25.76  [0.08, 209.97] | atoms  13.6 [4-23] | changed 3.25 max  9 | risk  81.4%
  Train      N= 14663 | Ea   42.02+/-25.73  [0.08, 209.97] | atoms  13.6 [4-23] | changed 3.25 max  9 | risk  81.4%
  Val        N=  1629 | Ea   42.01+/-26.01  [0.88, 142.80] | atoms  13.6 [5-23] | changed 3.26 max  8 | risk  81.3%
Split diagnostics saved to runs/phase1_warm_start\split_diagnostics.json
Ea stats (train split): mean=42.02, std=25.73 kcal/mol
Ea range (train split): [0.08, 209.97] kcal/mol
de_rxn stats (train split): mean=35.53, std=31.08 kcal/mol
Atom-phys stats (train): mean=[2.4681342 3.5891109 6.6526346], std=[0.37205803 2.7877476  6.065118  ]
Energy-feats stats (train): mean_range=[0.51, 146.75]
Model parameters: 3,199,272
Learning rates: base=1.50e-04, ea_head=3.00e-04

Training for up to 1200 epochs (patience=220)...
  Ea head starts at epoch 1 on detached features; full joint Ea starts after epoch 150.
 Epoch |  Train Loss |    Val Loss |   T.Geom |   V.Geom |  T.EaMAE |  V.EaMAE |         LR
-----------------------------------------------------------------------------------------------
